nothing matches overlay file perm_group_accounts.png, for flavor ,,,,,,,,,,,,xxhdpi,,,,,,,
nothing matches overlay file perm_group_affects_battery.png, for flavor ,,,,,,,,,,,,xxhdpi,,,,,,,
nothing matches overlay file perm_group_app_info.png, for flavor ,,,,,,,,,,,,xxhdpi,,,,,,,
nothing matches overlay file perm_group_audio_settings.png, for flavor ,,,,,,,,,,,,xxhdpi,,,,,,,
nothing matches overlay file perm_group_bluetooth.png, for flavor ,,,,,,,,,,,,xxhdpi,,,,,,,
nothing matches overlay file perm_group_bookmarks.png, for flavor ,,,,,,,,,,,,xxhdpi,,,,,,,
nothing matches overlay file perm_group_calendar.png, for flavor ,,,,,,,,,,,,xxhdpi,,,,,,,
nothing matches overlay file perm_group_camera.png, for flavor ,,,,,,,,,,,,xxhdpi,,,,,,,
nothing matches overlay file perm_group_device_alarms.png, for flavor ,,,,,,,,,,,,xxhdpi,,,,,,,
nothing matches overlay file perm_group_display.png, for flavor ,,,,,,,,,,,,xxhdpi,,,,,,,
nothing matches overlay file perm_group_location.png, for flavor ,,,,,,,,,,,,xxhdpi,,,,,,,
nothing matches overlay file perm_group_messages.png, for flavor ,,,,,,,,,,,,xxhdpi,,,,,,,
nothing matches overlay file perm_group_microphone.png, for flavor ,,,,,,,,,,,,xxhdpi,,,,,,,
nothing matches overlay file perm_group_network.png, for flavor ,,,,,,,,,,,,xxhdpi,,,,,,,
nothing matches overlay file perm_group_personal_info.png, for flavor ,,,,,,,,,,,,xxhdpi,,,,,,,
nothing matches overlay file perm_group_phone_calls.png, for flavor ,,,,,,,,,,,,xxhdpi,,,,,,,
nothing matches overlay file perm_group_screenlock.png, for flavor ,,,,,,,,,,,,xxhdpi,,,,,,,
nothing matches overlay file perm_group_shortrange_network.png, for flavor ,,,,,,,,,,,,xxhdpi,,,,,,,
nothing matches overlay file perm_group_social_info.png, for flavor ,,,,,,,,,,,,xxhdpi,,,,,,,
nothing matches overlay file perm_group_status_bar.png, for flavor ,,,,,,,,,,,,xxhdpi,,,,,,,
nothing matches overlay file perm_group_storage.png, for flavor ,,,,,,,,,,,,xxhdpi,,,,,,,
nothing matches overlay file perm_group_sync_settings.png, for flavor ,,,,,,,,,,,,xxhdpi,,,,,,,
nothing matches overlay file perm_group_system_clock.png, for flavor ,,,,,,,,,,,,xxhdpi,,,,,,,
nothing matches overlay file perm_group_system_tools.png, for flavor ,,,,,,,,,,,,xxhdpi,,,,,,,
nothing matches overlay file perm_group_user_dictionary.png, for flavor ,,,,,,,,,,,,xxhdpi,,,,,,,
nothing matches overlay file perm_group_user_dictionary_write.png, for flavor ,,,,,,,,,,,,xxhdpi,,,,,,,
nothing matches overlay file perm_group_voicemail.png, for flavor ,,,,,,,,,,,,xxhdpi,,,,,,,
nothing matches overlay file perm_group_wallpaper.png, for flavor ,,,,,,,,,,,,xxhdpi,,,,,,,
